<?xml version="1.0" encoding="UTF-8"?>
<testng-results total="5" passed="4" failed="1" skipped="0">
  <reporter-output>
  </reporter-output>
  <suite started-at="2024-02-07T16:10:20Z" name="Suite" finished-at="2024-02-07T16:11:11Z" duration-ms="51087">
    <groups>
      <group name="Purchase">
        <method signature="SubmitOrderTest.submitOrder(java.util.HashMap)[pri:0, instance:vinayakshettypractice.tests.SubmitOrderTest@13330ac6]" name="submitOrder" class="vinayakshettypractice.tests.SubmitOrderTest"/>
      </group> <!-- Purchase -->
      <group name="ErrorHandling">
        <method signature="ErrorValidationsTest.LoginErrorValidation()[pri:0, instance:vinayakshettypractice.tests.ErrorValidationsTest@1921ad94]" name="LoginErrorValidation" class="vinayakshettypractice.tests.ErrorValidationsTest"/>
      </group> <!-- ErrorHandling -->
    </groups>
    <test started-at="2024-02-07T16:10:20Z" name="Submit Order Test" finished-at="2024-02-07T16:10:51Z" duration-ms="30170">
      <class name="vinayakshettypractice.tests.SubmitOrderTest">
        <test-method is-config="true" signature="launchApplication()[pri:0, instance:vinayakshettypractice.tests.SubmitOrderTest@13330ac6]" started-at="2024-02-07T21:40:21Z" name="launchApplication" finished-at="2024-02-07T21:40:26Z" duration-ms="5289" status="PASS">
          <reporter-output>
          </reporter-output>
        </test-method> <!-- launchApplication -->
        <test-method signature="submitOrder(java.util.HashMap)[pri:0, instance:vinayakshettypractice.tests.SubmitOrderTest@13330ac6]" started-at="2024-02-07T21:40:26Z" name="submitOrder" data-provider="getData" finished-at="2024-02-07T21:40:29Z" duration-ms="3031" status="PASS">
          <params>
            <param index="0">
              <value>
                <![CDATA[{password=Vinayak@12, email=vinayak01@gmail.com, productName=ADIDAS ORIGINAL}]]>
              </value>
            </param>
          </params>
          <reporter-output>
          </reporter-output>
        </test-method> <!-- submitOrder -->
        <test-method is-config="true" signature="TearDown()[pri:0, instance:vinayakshettypractice.tests.SubmitOrderTest@13330ac6]" started-at="2024-02-07T21:40:29Z" name="TearDown" finished-at="2024-02-07T21:40:29Z" duration-ms="75" status="PASS">
          <reporter-output>
          </reporter-output>
        </test-method> <!-- TearDown -->
        <test-method is-config="true" signature="launchApplication()[pri:0, instance:vinayakshettypractice.tests.SubmitOrderTest@13330ac6]" started-at="2024-02-07T21:40:29Z" name="launchApplication" finished-at="2024-02-07T21:40:32Z" duration-ms="2854" status="PASS">
          <reporter-output>
          </reporter-output>
        </test-method> <!-- launchApplication -->
        <test-method signature="submitOrder(java.util.HashMap)[pri:0, instance:vinayakshettypractice.tests.SubmitOrderTest@13330ac6]" started-at="2024-02-07T21:40:32Z" name="submitOrder" data-provider="getData" finished-at="2024-02-07T21:40:46Z" duration-ms="14224" status="PASS">
          <params>
            <param index="0">
              <value>
                <![CDATA[{password=Vinayak@12, email=vinayak01@gmail.com, productName=ZARA COAT 3}]]>
              </value>
            </param>
          </params>
          <reporter-output>
          </reporter-output>
        </test-method> <!-- submitOrder -->
        <test-method is-config="true" signature="TearDown()[pri:0, instance:vinayakshettypractice.tests.SubmitOrderTest@13330ac6]" started-at="2024-02-07T21:40:46Z" name="TearDown" finished-at="2024-02-07T21:40:46Z" duration-ms="56" status="PASS">
          <reporter-output>
          </reporter-output>
        </test-method> <!-- TearDown -->
        <test-method is-config="true" signature="launchApplication()[pri:0, instance:vinayakshettypractice.tests.SubmitOrderTest@13330ac6]" started-at="2024-02-07T21:40:46Z" name="launchApplication" finished-at="2024-02-07T21:40:50Z" duration-ms="3651" status="PASS">
          <reporter-output>
          </reporter-output>
        </test-method> <!-- launchApplication -->
        <test-method signature="OrderHistoryTest()[pri:0, instance:vinayakshettypractice.tests.SubmitOrderTest@13330ac6]" started-at="2024-02-07T21:40:50Z" name="OrderHistoryTest" finished-at="2024-02-07T21:40:50Z" depends-on-methods="vinayakshettypractice.tests.SubmitOrderTest.submitOrder" duration-ms="622" status="PASS">
          <reporter-output>
          </reporter-output>
        </test-method> <!-- OrderHistoryTest -->
        <test-method is-config="true" signature="TearDown()[pri:0, instance:vinayakshettypractice.tests.SubmitOrderTest@13330ac6]" started-at="2024-02-07T21:40:50Z" name="TearDown" finished-at="2024-02-07T21:40:51Z" duration-ms="78" status="PASS">
          <reporter-output>
          </reporter-output>
        </test-method> <!-- TearDown -->
      </class> <!-- vinayakshettypractice.tests.SubmitOrderTest -->
    </test> <!-- Submit Order Test -->
    <test started-at="2024-02-07T16:10:20Z" name="Error Validation Test" finished-at="2024-02-07T16:11:11Z" duration-ms="51087">
      <class name="vinayakshettypractice.tests.ErrorValidationsTest">
        <test-method is-config="true" signature="launchApplication()[pri:0, instance:vinayakshettypractice.tests.ErrorValidationsTest@1921ad94]" started-at="2024-02-07T21:40:20Z" name="launchApplication" finished-at="2024-02-07T21:40:26Z" duration-ms="5751" status="PASS">
          <reporter-output>
          </reporter-output>
        </test-method> <!-- launchApplication -->
        <test-method signature="LoginErrorValidation()[pri:0, instance:vinayakshettypractice.tests.ErrorValidationsTest@1921ad94]" started-at="2024-02-07T21:40:26Z" name="LoginErrorValidation" finished-at="2024-02-07T21:40:27Z" duration-ms="1095" status="PASS">
          <reporter-output>
          </reporter-output>
        </test-method> <!-- LoginErrorValidation -->
        <test-method is-config="true" signature="TearDown()[pri:0, instance:vinayakshettypractice.tests.ErrorValidationsTest@1921ad94]" started-at="2024-02-07T21:40:27Z" name="TearDown" finished-at="2024-02-07T21:40:27Z" duration-ms="63" status="PASS">
          <reporter-output>
          </reporter-output>
        </test-method> <!-- TearDown -->
        <test-method is-config="true" signature="launchApplication()[pri:0, instance:vinayakshettypractice.tests.ErrorValidationsTest@1921ad94]" started-at="2024-02-07T21:40:27Z" name="launchApplication" finished-at="2024-02-07T21:40:30Z" duration-ms="2757" status="PASS">
          <reporter-output>
          </reporter-output>
        </test-method> <!-- launchApplication -->
        <test-method is-config="true" signature="TearDown()[pri:0, instance:vinayakshettypractice.tests.ErrorValidationsTest@1921ad94]" started-at="2024-02-07T21:40:44Z" name="TearDown" finished-at="2024-02-07T21:40:44Z" duration-ms="78" status="PASS">
          <reporter-output>
          </reporter-output>
        </test-method> <!-- TearDown -->
        <test-method is-config="true" signature="launchApplication()[pri:0, instance:vinayakshettypractice.tests.ErrorValidationsTest@1921ad94]" started-at="2024-02-07T21:40:44Z" name="launchApplication" finished-at="2024-02-07T21:40:48Z" duration-ms="4228" status="PASS">
          <reporter-output>
          </reporter-output>
        </test-method> <!-- launchApplication -->
        <test-method signature="ProductErrorValidation()[pri:0, instance:vinayakshettypractice.tests.ErrorValidationsTest@1921ad94]" started-at="2024-02-07T21:40:48Z" name="ProductErrorValidation" finished-at="2024-02-07T21:41:11Z" duration-ms="23410" status="FAIL">
          <exception class="java.lang.AssertionError">
            <message>
              <![CDATA[expected [true] but found [false]]]>
            </message>
            <full-stacktrace>
              <![CDATA[java.lang.AssertionError: expected [true] but found [false]
	at org.testng.Assert.fail(Assert.java:94)
	at org.testng.Assert.failNotEquals(Assert.java:496)
	at org.testng.Assert.assertTrue(Assert.java:42)
	at org.testng.Assert.assertTrue(Assert.java:52)
	at vinayakshettypractice.tests.ErrorValidationsTest.ProductErrorValidation(ErrorValidationsTest.java:55)
	at java.base/jdk.internal.reflect.DirectMethodHandleAccessor.invoke(DirectMethodHandleAccessor.java:104)
	at java.base/java.lang.reflect.Method.invoke(Method.java:578)
	at org.testng.internal.MethodInvocationHelper.invokeMethod(MethodInvocationHelper.java:85)
	at org.testng.internal.Invoker.invokeMethod(Invoker.java:659)
	at org.testng.internal.Invoker.retryFailed(Invoker.java:991)
	at org.testng.internal.Invoker.invokeTestMethods(Invoker.java:1171)
	at org.testng.internal.TestMethodWorker.invokeTestMethods(TestMethodWorker.java:125)
	at org.testng.internal.TestMethodWorker.run(TestMethodWorker.java:108)
	at org.testng.TestRunner.privateRun(TestRunner.java:771)
	at org.testng.TestRunner.run(TestRunner.java:621)
	at org.testng.SuiteRunner.runTest(SuiteRunner.java:357)
	at org.testng.SuiteRunner.access$000(SuiteRunner.java:38)
	at org.testng.SuiteRunner$SuiteWorker.run(SuiteRunner.java:391)
	at org.testng.internal.thread.ThreadUtil$2.call(ThreadUtil.java:64)
	at java.base/java.util.concurrent.FutureTask.run(FutureTask.java:317)
	at java.base/java.util.concurrent.ThreadPoolExecutor.runWorker(ThreadPoolExecutor.java:1144)
	at java.base/java.util.concurrent.ThreadPoolExecutor$Worker.run(ThreadPoolExecutor.java:642)
	at java.base/java.lang.Thread.run(Thread.java:1589)
]]>
            </full-stacktrace>
          </exception> <!-- java.lang.AssertionError -->
          <reporter-output>
          </reporter-output>
        </test-method> <!-- ProductErrorValidation -->
        <test-method is-config="true" signature="TearDown()[pri:0, instance:vinayakshettypractice.tests.ErrorValidationsTest@1921ad94]" started-at="2024-02-07T21:41:11Z" name="TearDown" finished-at="2024-02-07T21:41:11Z" duration-ms="75" status="PASS">
          <reporter-output>
          </reporter-output>
        </test-method> <!-- TearDown -->
      </class> <!-- vinayakshettypractice.tests.ErrorValidationsTest -->
    </test> <!-- Error Validation Test -->
  </suite> <!-- Suite -->
</testng-results>
